[0.748s] Invoking command in '/var/home/gregorni/Projects/hector-crawler/my_ros2_project/src/my_package': PIXI_PROMPT=(my_ros2_project) PYTHONPATH=/var/home/gregorni/Projects/hector-crawler/my_ros2_project/build/my_package/prefix_override:/var/home/gregorni/Projects/hector-crawler/my_ros2_project/.pixi/envs/default/lib/python3.11/site-packages/colcon_core/task/python/colcon_distutils_commands:/var/home/gregorni/Projects/hector-crawler/my_ros2_project/install/my_package/lib/python3.11/site-packages:${PYTHONPATH} _=/usr/bin/env /var/home/gregorni/Projects/hector-crawler/my_ros2_project/.pixi/envs/default/bin/python3.11 -W ignore:setup.py install is deprecated setup.py egg_info --egg-base ../../build/my_package build --build-base /var/home/gregorni/Projects/hector-crawler/my_ros2_project/build/my_package/build install --record /var/home/gregorni/Projects/hector-crawler/my_ros2_project/build/my_package/install.log --single-version-externally-managed install_data
[0.914s] running egg_info
[0.914s] creating ../../build/my_package/my_package.egg-info
[0.914s] writing ../../build/my_package/my_package.egg-info/PKG-INFO
[0.914s] writing dependency_links to ../../build/my_package/my_package.egg-info/dependency_links.txt
[0.915s] writing entry points to ../../build/my_package/my_package.egg-info/entry_points.txt
[0.915s] writing requirements to ../../build/my_package/my_package.egg-info/requires.txt
[0.915s] writing top-level names to ../../build/my_package/my_package.egg-info/top_level.txt
[0.915s] writing manifest file '../../build/my_package/my_package.egg-info/SOURCES.txt'
[0.924s] reading manifest file '../../build/my_package/my_package.egg-info/SOURCES.txt'
[0.925s] writing manifest file '../../build/my_package/my_package.egg-info/SOURCES.txt'
[0.925s] running build
[0.925s] running build_py
[0.926s] creating /var/home/gregorni/Projects/hector-crawler/my_ros2_project/build/my_package/build
[0.926s] creating /var/home/gregorni/Projects/hector-crawler/my_ros2_project/build/my_package/build/lib
[0.926s] creating /var/home/gregorni/Projects/hector-crawler/my_ros2_project/build/my_package/build/lib/my_package
[0.926s] copying my_package/__init__.py -> /var/home/gregorni/Projects/hector-crawler/my_ros2_project/build/my_package/build/lib/my_package
[0.926s] copying my_package/my_node.py -> /var/home/gregorni/Projects/hector-crawler/my_ros2_project/build/my_package/build/lib/my_package
[0.926s] running install
[0.927s] running install_lib
[0.927s] creating /var/home/gregorni/Projects/hector-crawler/my_ros2_project/install/my_package/lib/python3.11/site-packages/my_package
[0.927s] copying /var/home/gregorni/Projects/hector-crawler/my_ros2_project/build/my_package/build/lib/my_package/__init__.py -> /var/home/gregorni/Projects/hector-crawler/my_ros2_project/install/my_package/lib/python3.11/site-packages/my_package
[0.928s] copying /var/home/gregorni/Projects/hector-crawler/my_ros2_project/build/my_package/build/lib/my_package/my_node.py -> /var/home/gregorni/Projects/hector-crawler/my_ros2_project/install/my_package/lib/python3.11/site-packages/my_package
[0.928s] byte-compiling /var/home/gregorni/Projects/hector-crawler/my_ros2_project/install/my_package/lib/python3.11/site-packages/my_package/__init__.py to __init__.cpython-311.pyc
[0.928s] byte-compiling /var/home/gregorni/Projects/hector-crawler/my_ros2_project/install/my_package/lib/python3.11/site-packages/my_package/my_node.py to my_node.cpython-311.pyc
[0.928s] running install_data
[0.928s] creating /var/home/gregorni/Projects/hector-crawler/my_ros2_project/install/my_package/share/ament_index
[0.928s] creating /var/home/gregorni/Projects/hector-crawler/my_ros2_project/install/my_package/share/ament_index/resource_index
[0.928s] creating /var/home/gregorni/Projects/hector-crawler/my_ros2_project/install/my_package/share/ament_index/resource_index/packages
[0.928s] copying resource/my_package -> /var/home/gregorni/Projects/hector-crawler/my_ros2_project/install/my_package/share/ament_index/resource_index/packages
[0.929s] copying package.xml -> /var/home/gregorni/Projects/hector-crawler/my_ros2_project/install/my_package/share/my_package
[0.929s] running install_egg_info
[0.930s] Copying ../../build/my_package/my_package.egg-info to /var/home/gregorni/Projects/hector-crawler/my_ros2_project/install/my_package/lib/python3.11/site-packages/my_package-0.0.0-py3.11.egg-info
[0.931s] running install_scripts
[0.946s] Installing my_node script to /var/home/gregorni/Projects/hector-crawler/my_ros2_project/install/my_package/lib/my_package
[0.946s] writing list of installed files to '/var/home/gregorni/Projects/hector-crawler/my_ros2_project/build/my_package/install.log'
[0.979s] Invoked command in '/var/home/gregorni/Projects/hector-crawler/my_ros2_project/src/my_package' returned '0': PIXI_PROMPT=(my_ros2_project) PYTHONPATH=/var/home/gregorni/Projects/hector-crawler/my_ros2_project/build/my_package/prefix_override:/var/home/gregorni/Projects/hector-crawler/my_ros2_project/.pixi/envs/default/lib/python3.11/site-packages/colcon_core/task/python/colcon_distutils_commands:/var/home/gregorni/Projects/hector-crawler/my_ros2_project/install/my_package/lib/python3.11/site-packages:${PYTHONPATH} _=/usr/bin/env /var/home/gregorni/Projects/hector-crawler/my_ros2_project/.pixi/envs/default/bin/python3.11 -W ignore:setup.py install is deprecated setup.py egg_info --egg-base ../../build/my_package build --build-base /var/home/gregorni/Projects/hector-crawler/my_ros2_project/build/my_package/build install --record /var/home/gregorni/Projects/hector-crawler/my_ros2_project/build/my_package/install.log --single-version-externally-managed install_data
