[0.000000] (-) TimerEvent: {}
[0.000855] (my_package) JobQueued: {'identifier': 'my_package', 'dependencies': OrderedDict()}
[0.000913] (my_package) JobStarted: {'identifier': 'my_package'}
[0.099670] (-) TimerEvent: {}
[0.199984] (-) TimerEvent: {}
[0.300230] (-) TimerEvent: {}
[0.400474] (-) TimerEvent: {}
[0.500743] (-) TimerEvent: {}
[0.601043] (-) TimerEvent: {}
[0.701260] (-) TimerEvent: {}
[0.801500] (-) TimerEvent: {}
[0.832572] (my_package) Command: {'cmd': ['/var/home/gregorni/Projects/hector-crawler/my_ros2_project/.pixi/envs/default/bin/python3.11', '-W', 'ignore:setup.py install is deprecated', 'setup.py', 'develop', '--uninstall', '--editable', '--build-directory', '/var/home/gregorni/Projects/hector-crawler/my_ros2_project/build/my_package/build'], 'cwd': '/var/home/gregorni/Projects/hector-crawler/my_ros2_project/build/my_package', 'env': {'SHELL': '/usr/bin/fish', 'ROS_VERSION': '2', 'COLORTERM': 'truecolor', 'XDG_MENU_PREFIX': 'gnome-', 'ROS_PYTHON_VERSION': '3', 'PTYXIS_PROFILE': 'f2cc6170ed99c2350499dd8267b37ff1', 'HOSTNAME': 'toolbx', 'SSH_AUTH_SOCK': '/run/user/1000/keyring/ssh', 'PIXI_PROMPT': '(my_ros2_project)', 'ROS_OS_OVERRIDE': 'conda:linux', 'DESKTOP_SESSION': 'gnome', 'XML_CATALOG_FILES': 'file:///var/home/gregorni/Projects/hector-crawler/my_ros2_project/.pixi/envs/default/etc/xml/catalog file:///etc/xml/catalog', 'EDITOR': '/usr/bin/nano', 'PWD': '/var/home/gregorni/Projects/hector-crawler/my_ros2_project/build/my_package', 'GSETTINGS_SCHEMA_DIR': '/var/home/gregorni/Projects/hector-crawler/my_ros2_project/.pixi/envs/default/share/glib-2.0/schemas', 'XDG_SESSION_DESKTOP': 'gnome', 'XDG_SESSION_TYPE': 'wayland', 'CONDA_PREFIX': '/var/home/gregorni/Projects/hector-crawler/my_ros2_project/.pixi/envs/default', 'TOOLBOX_PATH': '/usr/bin/toolbox', 'GSETTINGS_SCHEMA_DIR_CONDA_BACKUP': '', 'PIXI_PROJECT_MANIFEST': '/var/home/gregorni/Projects/hector-crawler/my_ros2_project/pixi.toml', 'PIXI_PROJECT_NAME': 'my_ros2_project', 'XAUTHORITY': '/run/user/1000/.mutter-Xwaylandauth.LOPQ32', 'container': 'oci', 'HOME': '/var/home/gregorni', 'LANG': 'en_US.UTF-8', 'ROS_ETC_DIR': '/var/home/gregorni/Projects/hector-crawler/my_ros2_project/.pixi/envs/default/etc/ros', 'XDG_CURRENT_DESKTOP': 'GNOME', 'VTE_VERSION': '7802', 'WAYLAND_DISPLAY': 'wayland-0', 'PIXI_ENVIRONMENT_NAME': 'default', 'AMENT_PREFIX_PATH': '/var/home/gregorni/Projects/hector-crawler/my_ros2_project/install/my_package:/var/home/gregorni/Projects/hector-crawler/my_ros2_project/.pixi/envs/default', 'COLCON_PREFIX_PATH': '/var/home/gregorni/Projects/hector-crawler/my_ros2_project/install', 'PIXI_IN_SHELL': '1', 'INIT_CWD': '/var/home/gregorni/Projects/hector-crawler/my_ros2_project', 'PIXI_EXE': '/var/home/linuxbrew/.linuxbrew/Cellar/pixi/0.43.0/bin/pixi', 'PYTHONPATH': '/var/home/gregorni/Projects/hector-crawler/my_ros2_project/build/my_package/prefix_override:/var/home/gregorni/Projects/hector-crawler/my_ros2_project/.pixi/envs/default/lib/python3.11/site-packages/colcon_core/task/python/colcon_distutils_commands:/var/home/gregorni/Projects/hector-crawler/my_ros2_project/install/my_package/lib/python3.11/site-packages:/var/home/gregorni/Projects/hector-crawler/my_ros2_project/build/my_package:/var/home/gregorni/Projects/hector-crawler/my_ros2_project/install/my_package/lib/python3.11/site-packages:/var/home/gregorni/Projects/hector-crawler/my_ros2_project/.pixi/envs/default/lib/python311/site-packages:/var/home/gregorni/Projects/hector-crawler/my_ros2_project/.pixi/envs/default/lib/python3.11/site-packages', 'COLCON': '1', 'TERM': 'xterm-256color', 'USER': 'gregorni', 'DISPLAY': ':0', 'SHLVL': '1', 'GIT_EDITOR': 'hx', 'PIXI_PROJECT_VERSION': '0.1.0', 'PROJ_DATA': '/var/home/gregorni/Projects/hector-crawler/my_ros2_project/.pixi/envs/default/share/proj', 'PIXI_PROJECT_ROOT': '/var/home/gregorni/Projects/hector-crawler/my_ros2_project', 'LD_LIBRARY_PATH': '/var/home/gregorni/Projects/hector-crawler/my_ros2_project/.pixi/envs/default/opt/rviz_ogre_vendor/lib', 'XDG_RUNTIME_DIR': '/run/user/1000', 'ROS_LOCALHOST_ONLY': '0', 'CONDA_DEFAULT_ENV': 'my_ros2_project', 'PIXI_ENVIRONMENT_PLATFORMS': 'linux-64', 'DEBUGINFOD_URLS': 'https://debuginfod.fedoraproject.org/', 'DEBUGINFOD_IMA_CERT_PATH': '/etc/keys/ima', 'XDG_DATA_DIRS': '/var/home/gregorni/.local/share/flatpak/exports/share:/var/lib/flatpak/exports/share:/usr/local/share/:/usr/share/', 'PATH': '/var/home/gregorni/Projects/hector-crawler/my_ros2_project/.pixi/envs/default/bin:/var/home/gregorni/.cargo/bin:/home/gregorni/.pixi/bin/:/home/linuxbrew/.linuxbrew/bin:/var/home/linuxbrew/.linuxbrew/lib/ruby/gems/3.3.0/bin:/var/home/linuxbrew/.linuxbrew/bin:/var/home/gregorni/go/bin/:/usr/local/sbin:/usr/local/bin:/usr/sbin:/usr/bin:/sbin:/bin', 'DBUS_SESSION_BUS_ADDRESS': 'unix:path=/run/user/1000/bus', 'FZF_DEFAULT_OPTS': '--color=bg+:#313244,bg:#1e1e2e,spinner:#f5e0dc,hl:#f38ba8 --color=fg:#cdd6f4,header:#f38ba8,info:#cba6f7,pointer:#f5e0dc --color=marker:#f5e0dc,fg+:#cdd6f4,prompt:#cba6f7,hl+:#f38ba8', 'ZELLIJ_AUTO_EXIT': 'true', 'PTYXIS_VERSION': '47.10', 'ROS_DISTRO': 'humble', 'PROJ_NETWORK': 'ON', '_': '/usr/bin/env'}, 'shell': False}
[0.901664] (-) TimerEvent: {}
[1.002024] (-) TimerEvent: {}
[1.102312] (-) TimerEvent: {}
[1.138745] (my_package) StdoutLine: {'line': b'running develop\n'}
[1.202473] (-) TimerEvent: {}
[1.302703] (-) TimerEvent: {}
[1.400244] (my_package) StdoutLine: {'line': b'Removing /var/home/gregorni/Projects/hector-crawler/my_ros2_project/install/my_package/lib/python3.11/site-packages/my-package.egg-link (link to .)\n'}
[1.402852] (-) TimerEvent: {}
[1.458524] (my_package) CommandEnded: {'returncode': 0}
[1.460607] (my_package) Command: {'cmd': ['/var/home/gregorni/Projects/hector-crawler/my_ros2_project/.pixi/envs/default/bin/python3.11', '-W', 'ignore:setup.py install is deprecated', 'setup.py', 'egg_info', '--egg-base', '../../build/my_package', 'build', '--build-base', '/var/home/gregorni/Projects/hector-crawler/my_ros2_project/build/my_package/build', 'install', '--record', '/var/home/gregorni/Projects/hector-crawler/my_ros2_project/build/my_package/install.log', '--single-version-externally-managed', 'install_data', '--force'], 'cwd': '/var/home/gregorni/Projects/hector-crawler/my_ros2_project/src/my_package', 'env': {'SHELL': '/usr/bin/fish', 'ROS_VERSION': '2', 'COLORTERM': 'truecolor', 'XDG_MENU_PREFIX': 'gnome-', 'ROS_PYTHON_VERSION': '3', 'PTYXIS_PROFILE': 'f2cc6170ed99c2350499dd8267b37ff1', 'HOSTNAME': 'toolbx', 'SSH_AUTH_SOCK': '/run/user/1000/keyring/ssh', 'PIXI_PROMPT': '(my_ros2_project)', 'ROS_OS_OVERRIDE': 'conda:linux', 'DESKTOP_SESSION': 'gnome', 'XML_CATALOG_FILES': 'file:///var/home/gregorni/Projects/hector-crawler/my_ros2_project/.pixi/envs/default/etc/xml/catalog file:///etc/xml/catalog', 'EDITOR': '/usr/bin/nano', 'PWD': '/var/home/gregorni/Projects/hector-crawler/my_ros2_project/build/my_package', 'GSETTINGS_SCHEMA_DIR': '/var/home/gregorni/Projects/hector-crawler/my_ros2_project/.pixi/envs/default/share/glib-2.0/schemas', 'XDG_SESSION_DESKTOP': 'gnome', 'XDG_SESSION_TYPE': 'wayland', 'CONDA_PREFIX': '/var/home/gregorni/Projects/hector-crawler/my_ros2_project/.pixi/envs/default', 'TOOLBOX_PATH': '/usr/bin/toolbox', 'GSETTINGS_SCHEMA_DIR_CONDA_BACKUP': '', 'PIXI_PROJECT_MANIFEST': '/var/home/gregorni/Projects/hector-crawler/my_ros2_project/pixi.toml', 'PIXI_PROJECT_NAME': 'my_ros2_project', 'XAUTHORITY': '/run/user/1000/.mutter-Xwaylandauth.LOPQ32', 'container': 'oci', 'HOME': '/var/home/gregorni', 'LANG': 'en_US.UTF-8', 'ROS_ETC_DIR': '/var/home/gregorni/Projects/hector-crawler/my_ros2_project/.pixi/envs/default/etc/ros', 'XDG_CURRENT_DESKTOP': 'GNOME', 'VTE_VERSION': '7802', 'WAYLAND_DISPLAY': 'wayland-0', 'PIXI_ENVIRONMENT_NAME': 'default', 'AMENT_PREFIX_PATH': '/var/home/gregorni/Projects/hector-crawler/my_ros2_project/install/my_package:/var/home/gregorni/Projects/hector-crawler/my_ros2_project/.pixi/envs/default', 'COLCON_PREFIX_PATH': '/var/home/gregorni/Projects/hector-crawler/my_ros2_project/install', 'PIXI_IN_SHELL': '1', 'INIT_CWD': '/var/home/gregorni/Projects/hector-crawler/my_ros2_project', 'PIXI_EXE': '/var/home/linuxbrew/.linuxbrew/Cellar/pixi/0.43.0/bin/pixi', 'PYTHONPATH': '/var/home/gregorni/Projects/hector-crawler/my_ros2_project/build/my_package/prefix_override:/var/home/gregorni/Projects/hector-crawler/my_ros2_project/.pixi/envs/default/lib/python3.11/site-packages/colcon_core/task/python/colcon_distutils_commands:/var/home/gregorni/Projects/hector-crawler/my_ros2_project/install/my_package/lib/python3.11/site-packages:/var/home/gregorni/Projects/hector-crawler/my_ros2_project/build/my_package:/var/home/gregorni/Projects/hector-crawler/my_ros2_project/install/my_package/lib/python3.11/site-packages:/var/home/gregorni/Projects/hector-crawler/my_ros2_project/.pixi/envs/default/lib/python311/site-packages:/var/home/gregorni/Projects/hector-crawler/my_ros2_project/.pixi/envs/default/lib/python3.11/site-packages', 'COLCON': '1', 'TERM': 'xterm-256color', 'USER': 'gregorni', 'DISPLAY': ':0', 'SHLVL': '1', 'GIT_EDITOR': 'hx', 'PIXI_PROJECT_VERSION': '0.1.0', 'PROJ_DATA': '/var/home/gregorni/Projects/hector-crawler/my_ros2_project/.pixi/envs/default/share/proj', 'PIXI_PROJECT_ROOT': '/var/home/gregorni/Projects/hector-crawler/my_ros2_project', 'LD_LIBRARY_PATH': '/var/home/gregorni/Projects/hector-crawler/my_ros2_project/.pixi/envs/default/opt/rviz_ogre_vendor/lib', 'XDG_RUNTIME_DIR': '/run/user/1000', 'ROS_LOCALHOST_ONLY': '0', 'CONDA_DEFAULT_ENV': 'my_ros2_project', 'PIXI_ENVIRONMENT_PLATFORMS': 'linux-64', 'DEBUGINFOD_URLS': 'https://debuginfod.fedoraproject.org/', 'DEBUGINFOD_IMA_CERT_PATH': '/etc/keys/ima', 'XDG_DATA_DIRS': '/var/home/gregorni/.local/share/flatpak/exports/share:/var/lib/flatpak/exports/share:/usr/local/share/:/usr/share/', 'PATH': '/var/home/gregorni/Projects/hector-crawler/my_ros2_project/.pixi/envs/default/bin:/var/home/gregorni/.cargo/bin:/home/gregorni/.pixi/bin/:/home/linuxbrew/.linuxbrew/bin:/var/home/linuxbrew/.linuxbrew/lib/ruby/gems/3.3.0/bin:/var/home/linuxbrew/.linuxbrew/bin:/var/home/gregorni/go/bin/:/usr/local/sbin:/usr/local/bin:/usr/sbin:/usr/bin:/sbin:/bin', 'DBUS_SESSION_BUS_ADDRESS': 'unix:path=/run/user/1000/bus', 'FZF_DEFAULT_OPTS': '--color=bg+:#313244,bg:#1e1e2e,spinner:#f5e0dc,hl:#f38ba8 --color=fg:#cdd6f4,header:#f38ba8,info:#cba6f7,pointer:#f5e0dc --color=marker:#f5e0dc,fg+:#cdd6f4,prompt:#cba6f7,hl+:#f38ba8', 'ZELLIJ_AUTO_EXIT': 'true', 'PTYXIS_VERSION': '47.10', 'ROS_DISTRO': 'humble', 'PROJ_NETWORK': 'ON', '_': '/usr/bin/env'}, 'shell': False}
[1.502977] (-) TimerEvent: {}
[1.603261] (-) TimerEvent: {}
[1.703497] (-) TimerEvent: {}
[1.724517] (my_package) StdoutLine: {'line': b'running egg_info\n'}
[1.725153] (my_package) StdoutLine: {'line': b'writing ../../build/my_package/my_package.egg-info/PKG-INFO\n'}
[1.725462] (my_package) StdoutLine: {'line': b'writing dependency_links to ../../build/my_package/my_package.egg-info/dependency_links.txt\n'}
[1.725657] (my_package) StdoutLine: {'line': b'writing entry points to ../../build/my_package/my_package.egg-info/entry_points.txt\n'}
[1.725935] (my_package) StdoutLine: {'line': b'writing requirements to ../../build/my_package/my_package.egg-info/requires.txt\n'}
[1.726068] (my_package) StdoutLine: {'line': b'writing top-level names to ../../build/my_package/my_package.egg-info/top_level.txt\n'}
[1.738991] (my_package) StdoutLine: {'line': b"reading manifest file '../../build/my_package/my_package.egg-info/SOURCES.txt'\n"}
[1.739934] (my_package) StdoutLine: {'line': b"writing manifest file '../../build/my_package/my_package.egg-info/SOURCES.txt'\n"}
[1.740134] (my_package) StdoutLine: {'line': b'running build\n'}
[1.740344] (my_package) StdoutLine: {'line': b'running build_py\n'}
[1.740492] (my_package) StdoutLine: {'line': b'copying my_package/device_consts.py -> /var/home/gregorni/Projects/hector-crawler/my_ros2_project/build/my_package/build/lib/my_package\n'}
[1.740711] (my_package) StdoutLine: {'line': b'copying my_package/talking_node.py -> /var/home/gregorni/Projects/hector-crawler/my_ros2_project/build/my_package/build/lib/my_package\n'}
[1.740871] (my_package) StdoutLine: {'line': b'copying my_package/listening_node.py -> /var/home/gregorni/Projects/hector-crawler/my_ros2_project/build/my_package/build/lib/my_package\n'}
[1.741092] (my_package) StdoutLine: {'line': b'running install\n'}
[1.741358] (my_package) StdoutLine: {'line': b'running install_lib\n'}
[1.741996] (my_package) StdoutLine: {'line': b'creating /var/home/gregorni/Projects/hector-crawler/my_ros2_project/install/my_package/lib/python3.11/site-packages/my_package\n'}
[1.742159] (my_package) StdoutLine: {'line': b'copying /var/home/gregorni/Projects/hector-crawler/my_ros2_project/build/my_package/build/lib/my_package/__init__.py -> /var/home/gregorni/Projects/hector-crawler/my_ros2_project/install/my_package/lib/python3.11/site-packages/my_package\n'}
[1.742310] (my_package) StdoutLine: {'line': b'copying /var/home/gregorni/Projects/hector-crawler/my_ros2_project/build/my_package/build/lib/my_package/my_node.py -> /var/home/gregorni/Projects/hector-crawler/my_ros2_project/install/my_package/lib/python3.11/site-packages/my_package\n'}
[1.742479] (my_package) StdoutLine: {'line': b'copying /var/home/gregorni/Projects/hector-crawler/my_ros2_project/build/my_package/build/lib/my_package/device_consts.py -> /var/home/gregorni/Projects/hector-crawler/my_ros2_project/install/my_package/lib/python3.11/site-packages/my_package\n'}
[1.742700] (my_package) StdoutLine: {'line': b'copying /var/home/gregorni/Projects/hector-crawler/my_ros2_project/build/my_package/build/lib/my_package/talking_node.py -> /var/home/gregorni/Projects/hector-crawler/my_ros2_project/install/my_package/lib/python3.11/site-packages/my_package\n'}
[1.742888] (my_package) StdoutLine: {'line': b'copying /var/home/gregorni/Projects/hector-crawler/my_ros2_project/build/my_package/build/lib/my_package/listening_node.py -> /var/home/gregorni/Projects/hector-crawler/my_ros2_project/install/my_package/lib/python3.11/site-packages/my_package\n'}
[1.743552] (my_package) StdoutLine: {'line': b'byte-compiling /var/home/gregorni/Projects/hector-crawler/my_ros2_project/install/my_package/lib/python3.11/site-packages/my_package/__init__.py to __init__.cpython-311.pyc\n'}
[1.743919] (my_package) StdoutLine: {'line': b'byte-compiling /var/home/gregorni/Projects/hector-crawler/my_ros2_project/install/my_package/lib/python3.11/site-packages/my_package/my_node.py to my_node.cpython-311.pyc\n'}
[1.744286] (my_package) StdoutLine: {'line': b'byte-compiling /var/home/gregorni/Projects/hector-crawler/my_ros2_project/install/my_package/lib/python3.11/site-packages/my_package/device_consts.py to device_consts.cpython-311.pyc\n'}
[1.744655] (my_package) StdoutLine: {'line': b'byte-compiling /var/home/gregorni/Projects/hector-crawler/my_ros2_project/install/my_package/lib/python3.11/site-packages/my_package/talking_node.py to talking_node.cpython-311.pyc\n'}
[1.745270] (my_package) StdoutLine: {'line': b'byte-compiling /var/home/gregorni/Projects/hector-crawler/my_ros2_project/install/my_package/lib/python3.11/site-packages/my_package/listening_node.py to listening_node.cpython-311.pyc\n'}
[1.745744] (my_package) StdoutLine: {'line': b'running install_data\n'}
[1.745931] (my_package) StdoutLine: {'line': b'copying resource/my_package -> /var/home/gregorni/Projects/hector-crawler/my_ros2_project/install/my_package/share/ament_index/resource_index/packages\n'}
[1.746116] (my_package) StdoutLine: {'line': b'copying package.xml -> /var/home/gregorni/Projects/hector-crawler/my_ros2_project/install/my_package/share/my_package\n'}
[1.746268] (my_package) StdoutLine: {'line': b'running install_egg_info\n'}
[1.748816] (my_package) StdoutLine: {'line': b'Copying ../../build/my_package/my_package.egg-info to /var/home/gregorni/Projects/hector-crawler/my_ros2_project/install/my_package/lib/python3.11/site-packages/my_package-0.0.0-py3.11.egg-info\n'}
[1.750446] (my_package) StdoutLine: {'line': b'running install_scripts\n'}
[1.773398] (my_package) StdoutLine: {'line': b'Installing listening_node script to /var/home/gregorni/Projects/hector-crawler/my_ros2_project/install/my_package/lib/my_package\n'}
[1.773682] (my_package) StdoutLine: {'line': b'Installing talking_node script to /var/home/gregorni/Projects/hector-crawler/my_ros2_project/install/my_package/lib/my_package\n'}
[1.773941] (my_package) StdoutLine: {'line': b"writing list of installed files to '/var/home/gregorni/Projects/hector-crawler/my_ros2_project/build/my_package/install.log'\n"}
[1.803642] (-) TimerEvent: {}
[1.813036] (my_package) CommandEnded: {'returncode': 0}
[1.823554] (my_package) JobEnded: {'identifier': 'my_package', 'rc': 0}
[1.824641] (-) EventReactorShutdown: {}
