running develop
Removing /var/home/gregorni/Projects/hector-crawler/my_ros2_project/install/my_package/lib/python3.11/site-packages/my-package.egg-link (link to .)
running egg_info
writing ../../build/my_package/my_package.egg-info/PKG-INFO
writing dependency_links to ../../build/my_package/my_package.egg-info/dependency_links.txt
writing entry points to ../../build/my_package/my_package.egg-info/entry_points.txt
writing requirements to ../../build/my_package/my_package.egg-info/requires.txt
writing top-level names to ../../build/my_package/my_package.egg-info/top_level.txt
reading manifest file '../../build/my_package/my_package.egg-info/SOURCES.txt'
writing manifest file '../../build/my_package/my_package.egg-info/SOURCES.txt'
running build
running build_py
copying my_package/device_consts.py -> /var/home/gregorni/Projects/hector-crawler/my_ros2_project/build/my_package/build/lib/my_package
copying my_package/talking_node.py -> /var/home/gregorni/Projects/hector-crawler/my_ros2_project/build/my_package/build/lib/my_package
copying my_package/listening_node.py -> /var/home/gregorni/Projects/hector-crawler/my_ros2_project/build/my_package/build/lib/my_package
running install
running install_lib
creating /var/home/gregorni/Projects/hector-crawler/my_ros2_project/install/my_package/lib/python3.11/site-packages/my_package
copying /var/home/gregorni/Projects/hector-crawler/my_ros2_project/build/my_package/build/lib/my_package/__init__.py -> /var/home/gregorni/Projects/hector-crawler/my_ros2_project/install/my_package/lib/python3.11/site-packages/my_package
copying /var/home/gregorni/Projects/hector-crawler/my_ros2_project/build/my_package/build/lib/my_package/my_node.py -> /var/home/gregorni/Projects/hector-crawler/my_ros2_project/install/my_package/lib/python3.11/site-packages/my_package
copying /var/home/gregorni/Projects/hector-crawler/my_ros2_project/build/my_package/build/lib/my_package/device_consts.py -> /var/home/gregorni/Projects/hector-crawler/my_ros2_project/install/my_package/lib/python3.11/site-packages/my_package
copying /var/home/gregorni/Projects/hector-crawler/my_ros2_project/build/my_package/build/lib/my_package/talking_node.py -> /var/home/gregorni/Projects/hector-crawler/my_ros2_project/install/my_package/lib/python3.11/site-packages/my_package
copying /var/home/gregorni/Projects/hector-crawler/my_ros2_project/build/my_package/build/lib/my_package/listening_node.py -> /var/home/gregorni/Projects/hector-crawler/my_ros2_project/install/my_package/lib/python3.11/site-packages/my_package
byte-compiling /var/home/gregorni/Projects/hector-crawler/my_ros2_project/install/my_package/lib/python3.11/site-packages/my_package/__init__.py to __init__.cpython-311.pyc
byte-compiling /var/home/gregorni/Projects/hector-crawler/my_ros2_project/install/my_package/lib/python3.11/site-packages/my_package/my_node.py to my_node.cpython-311.pyc
byte-compiling /var/home/gregorni/Projects/hector-crawler/my_ros2_project/install/my_package/lib/python3.11/site-packages/my_package/device_consts.py to device_consts.cpython-311.pyc
byte-compiling /var/home/gregorni/Projects/hector-crawler/my_ros2_project/install/my_package/lib/python3.11/site-packages/my_package/talking_node.py to talking_node.cpython-311.pyc
byte-compiling /var/home/gregorni/Projects/hector-crawler/my_ros2_project/install/my_package/lib/python3.11/site-packages/my_package/listening_node.py to listening_node.cpython-311.pyc
running install_data
copying resource/my_package -> /var/home/gregorni/Projects/hector-crawler/my_ros2_project/install/my_package/share/ament_index/resource_index/packages
copying package.xml -> /var/home/gregorni/Projects/hector-crawler/my_ros2_project/install/my_package/share/my_package
running install_egg_info
Copying ../../build/my_package/my_package.egg-info to /var/home/gregorni/Projects/hector-crawler/my_ros2_project/install/my_package/lib/python3.11/site-packages/my_package-0.0.0-py3.11.egg-info
running install_scripts
Installing listening_node script to /var/home/gregorni/Projects/hector-crawler/my_ros2_project/install/my_package/lib/my_package
Installing talking_node script to /var/home/gregorni/Projects/hector-crawler/my_ros2_project/install/my_package/lib/my_package
writing list of installed files to '/var/home/gregorni/Projects/hector-crawler/my_ros2_project/build/my_package/install.log'
