[0.000000] (-) TimerEvent: {}
[0.000132] (my_package) JobQueued: {'identifier': 'my_package', 'dependencies': OrderedDict()}
[0.000260] (my_package) JobStarted: {'identifier': 'my_package'}
[0.099345] (-) TimerEvent: {}
[0.199557] (-) TimerEvent: {}
[0.299795] (-) TimerEvent: {}
[0.400063] (-) TimerEvent: {}
[0.500448] (-) TimerEvent: {}
[0.600818] (-) TimerEvent: {}
[0.701061] (-) TimerEvent: {}
[0.746436] (my_package) Command: {'cmd': ['/var/home/gregorni/Projects/hector-crawler/my_ros2_project/.pixi/envs/default/bin/python3.11', '-W', 'ignore:setup.py install is deprecated', 'setup.py', 'egg_info', '--egg-base', '../../build/my_package', 'build', '--build-base', '/var/home/gregorni/Projects/hector-crawler/my_ros2_project/build/my_package/build', 'install', '--record', '/var/home/gregorni/Projects/hector-crawler/my_ros2_project/build/my_package/install.log', '--single-version-externally-managed', 'install_data'], 'cwd': '/var/home/gregorni/Projects/hector-crawler/my_ros2_project/src/my_package', 'env': {'SHELL': '/bin/bash', 'ROS_VERSION': '2', 'COLORTERM': 'truecolor', 'XDG_MENU_PREFIX': 'gnome-', 'ROS_PYTHON_VERSION': '3', 'PTYXIS_PROFILE': 'f2cc6170ed99c2350499dd8267b37ff1', 'HOSTNAME': 'toolbx', 'SSH_AUTH_SOCK': '/run/user/1000/keyring/ssh', 'PIXI_PROMPT': '(my_ros2_project)', 'ROS_OS_OVERRIDE': 'conda:linux', 'DESKTOP_SESSION': 'gnome', 'XML_CATALOG_FILES': 'file:///var/home/gregorni/Projects/hector-crawler/my_ros2_project/.pixi/envs/default/etc/xml/catalog file:///etc/xml/catalog', 'EDITOR': '/usr/bin/nano', 'PWD': '/var/home/gregorni/Projects/hector-crawler/my_ros2_project/build/my_package', 'GSETTINGS_SCHEMA_DIR': '/var/home/gregorni/Projects/hector-crawler/my_ros2_project/.pixi/envs/default/share/glib-2.0/schemas', 'XDG_SESSION_DESKTOP': 'gnome', 'XDG_SESSION_TYPE': 'wayland', 'CONDA_PREFIX': '/var/home/gregorni/Projects/hector-crawler/my_ros2_project/.pixi/envs/default', 'TOOLBOX_PATH': '/usr/bin/toolbox', 'GSETTINGS_SCHEMA_DIR_CONDA_BACKUP': '', 'PIXI_PROJECT_MANIFEST': '/var/home/gregorni/Projects/hector-crawler/my_ros2_project/pixi.toml', 'PIXI_PROJECT_NAME': 'my_ros2_project', 'XAUTHORITY': '/run/user/1000/.mutter-Xwaylandauth.0LBR22', 'container': 'oci', 'HOME': '/var/home/gregorni', 'LANG': 'en_US.UTF-8', 'ROS_ETC_DIR': '/var/home/gregorni/Projects/hector-crawler/my_ros2_project/.pixi/envs/default/etc/ros', 'XDG_CURRENT_DESKTOP': 'GNOME', 'VTE_VERSION': '7800', 'WAYLAND_DISPLAY': 'wayland-0', 'PIXI_ENVIRONMENT_NAME': 'default', 'AMENT_PREFIX_PATH': '/var/home/gregorni/Projects/hector-crawler/my_ros2_project/.pixi/envs/default', 'PIXI_IN_SHELL': '1', 'INIT_CWD': '/var/home/gregorni/Projects/hector-crawler/my_ros2_project', 'PIXI_EXE': '/var/home/linuxbrew/.linuxbrew/Cellar/pixi/0.41.4/bin/pixi', 'PYTHONPATH': '/var/home/gregorni/Projects/hector-crawler/my_ros2_project/build/my_package/prefix_override:/var/home/gregorni/Projects/hector-crawler/my_ros2_project/.pixi/envs/default/lib/python3.11/site-packages/colcon_core/task/python/colcon_distutils_commands:/var/home/gregorni/Projects/hector-crawler/my_ros2_project/install/my_package/lib/python3.11/site-packages:/var/home/gregorni/Projects/hector-crawler/my_ros2_project/.pixi/envs/default/lib/python311/site-packages:/var/home/gregorni/Projects/hector-crawler/my_ros2_project/.pixi/envs/default/lib/python3.11/site-packages', 'COLCON': '1', 'TERM': 'xterm-256color', 'USER': 'gregorni', 'DISPLAY': ':0', 'SHLVL': '1', 'GIT_EDITOR': 'hx', 'PIXI_PROJECT_VERSION': '0.1.0', 'PROJ_DATA': '/var/home/gregorni/Projects/hector-crawler/my_ros2_project/.pixi/envs/default/share/proj', 'PIXI_PROJECT_ROOT': '/var/home/gregorni/Projects/hector-crawler/my_ros2_project', 'LD_LIBRARY_PATH': '/var/home/gregorni/Projects/hector-crawler/my_ros2_project/.pixi/envs/default/opt/rviz_ogre_vendor/lib', 'XDG_RUNTIME_DIR': '/run/user/1000', 'ROS_LOCALHOST_ONLY': '0', 'CONDA_DEFAULT_ENV': 'my_ros2_project', 'PIXI_ENVIRONMENT_PLATFORMS': 'linux-64', 'DEBUGINFOD_URLS': 'https://debuginfod.fedoraproject.org/', 'XDG_DATA_DIRS': '/var/home/gregorni/.local/share/flatpak/exports/share:/var/lib/flatpak/exports/share:/usr/local/share/:/usr/share/', 'PATH': '/var/home/gregorni/Projects/hector-crawler/my_ros2_project/.pixi/envs/default/bin:/var/home/gregorni/.cargo/bin:/home/linuxbrew/.linuxbrew/bin:/var/home/linuxbrew/.linuxbrew/lib/ruby/gems/3.3.0/bin:/var/home/linuxbrew/.linuxbrew/bin:/var/home/gregorni/go/bin/:/usr/local/sbin:/usr/local/bin:/usr/sbin:/usr/bin:/sbin:/bin', 'DBUS_SESSION_BUS_ADDRESS': 'unix:path=/run/user/1000/bus', 'FZF_DEFAULT_OPTS': '--color=bg+:#313244,bg:#1e1e2e,spinner:#f5e0dc,hl:#f38ba8 --color=fg:#cdd6f4,header:#f38ba8,info:#cba6f7,pointer:#f5e0dc --color=marker:#f5e0dc,fg+:#cdd6f4,prompt:#cba6f7,hl+:#f38ba8', 'ZELLIJ_AUTO_EXIT': 'true', 'PTYXIS_VERSION': '47.6', 'ROS_DISTRO': 'humble', 'PROJ_NETWORK': 'ON', '_': '/usr/bin/env'}, 'shell': False}
[0.801337] (-) TimerEvent: {}
[0.901584] (-) TimerEvent: {}
[0.913723] (my_package) StdoutLine: {'line': b'running egg_info\n'}
[0.914057] (my_package) StdoutLine: {'line': b'creating ../../build/my_package/my_package.egg-info\n'}
[0.914235] (my_package) StdoutLine: {'line': b'writing ../../build/my_package/my_package.egg-info/PKG-INFO\n'}
[0.914554] (my_package) StdoutLine: {'line': b'writing dependency_links to ../../build/my_package/my_package.egg-info/dependency_links.txt\n'}
[0.914806] (my_package) StdoutLine: {'line': b'writing entry points to ../../build/my_package/my_package.egg-info/entry_points.txt\n'}
[0.915026] (my_package) StdoutLine: {'line': b'writing requirements to ../../build/my_package/my_package.egg-info/requires.txt\n'}
[0.915239] (my_package) StdoutLine: {'line': b'writing top-level names to ../../build/my_package/my_package.egg-info/top_level.txt\n'}
[0.915387] (my_package) StdoutLine: {'line': b"writing manifest file '../../build/my_package/my_package.egg-info/SOURCES.txt'\n"}
[0.924418] (my_package) StdoutLine: {'line': b"reading manifest file '../../build/my_package/my_package.egg-info/SOURCES.txt'\n"}
[0.924892] (my_package) StdoutLine: {'line': b"writing manifest file '../../build/my_package/my_package.egg-info/SOURCES.txt'\n"}
[0.925184] (my_package) StdoutLine: {'line': b'running build\n'}
[0.925433] (my_package) StdoutLine: {'line': b'running build_py\n'}
[0.925658] (my_package) StdoutLine: {'line': b'creating /var/home/gregorni/Projects/hector-crawler/my_ros2_project/build/my_package/build\n'}
[0.925906] (my_package) StdoutLine: {'line': b'creating /var/home/gregorni/Projects/hector-crawler/my_ros2_project/build/my_package/build/lib\n'}
[0.926159] (my_package) StdoutLine: {'line': b'creating /var/home/gregorni/Projects/hector-crawler/my_ros2_project/build/my_package/build/lib/my_package\n'}
[0.926311] (my_package) StdoutLine: {'line': b'copying my_package/__init__.py -> /var/home/gregorni/Projects/hector-crawler/my_ros2_project/build/my_package/build/lib/my_package\n'}
[0.926456] (my_package) StdoutLine: {'line': b'copying my_package/my_node.py -> /var/home/gregorni/Projects/hector-crawler/my_ros2_project/build/my_package/build/lib/my_package\n'}
[0.926600] (my_package) StdoutLine: {'line': b'running install\n'}
[0.926794] (my_package) StdoutLine: {'line': b'running install_lib\n'}
[0.927157] (my_package) StdoutLine: {'line': b'creating /var/home/gregorni/Projects/hector-crawler/my_ros2_project/install/my_package/lib/python3.11/site-packages/my_package\n'}
[0.927416] (my_package) StdoutLine: {'line': b'copying /var/home/gregorni/Projects/hector-crawler/my_ros2_project/build/my_package/build/lib/my_package/__init__.py -> /var/home/gregorni/Projects/hector-crawler/my_ros2_project/install/my_package/lib/python3.11/site-packages/my_package\n'}
[0.927647] (my_package) StdoutLine: {'line': b'copying /var/home/gregorni/Projects/hector-crawler/my_ros2_project/build/my_package/build/lib/my_package/my_node.py -> /var/home/gregorni/Projects/hector-crawler/my_ros2_project/install/my_package/lib/python3.11/site-packages/my_package\n'}
[0.927996] (my_package) StdoutLine: {'line': b'byte-compiling /var/home/gregorni/Projects/hector-crawler/my_ros2_project/install/my_package/lib/python3.11/site-packages/my_package/__init__.py to __init__.cpython-311.pyc\n'}
[0.928300] (my_package) StdoutLine: {'line': b'byte-compiling /var/home/gregorni/Projects/hector-crawler/my_ros2_project/install/my_package/lib/python3.11/site-packages/my_package/my_node.py to my_node.cpython-311.pyc\n'}
[0.928390] (my_package) StdoutLine: {'line': b'running install_data\n'}
[0.928469] (my_package) StdoutLine: {'line': b'creating /var/home/gregorni/Projects/hector-crawler/my_ros2_project/install/my_package/share/ament_index\n'}
[0.928544] (my_package) StdoutLine: {'line': b'creating /var/home/gregorni/Projects/hector-crawler/my_ros2_project/install/my_package/share/ament_index/resource_index\n'}
[0.928619] (my_package) StdoutLine: {'line': b'creating /var/home/gregorni/Projects/hector-crawler/my_ros2_project/install/my_package/share/ament_index/resource_index/packages\n'}
[0.928694] (my_package) StdoutLine: {'line': b'copying resource/my_package -> /var/home/gregorni/Projects/hector-crawler/my_ros2_project/install/my_package/share/ament_index/resource_index/packages\n'}
[0.928759] (my_package) StdoutLine: {'line': b'copying package.xml -> /var/home/gregorni/Projects/hector-crawler/my_ros2_project/install/my_package/share/my_package\n'}
[0.928850] (my_package) StdoutLine: {'line': b'running install_egg_info\n'}
[0.929816] (my_package) StdoutLine: {'line': b'Copying ../../build/my_package/my_package.egg-info to /var/home/gregorni/Projects/hector-crawler/my_ros2_project/install/my_package/lib/python3.11/site-packages/my_package-0.0.0-py3.11.egg-info\n'}
[0.930954] (my_package) StdoutLine: {'line': b'running install_scripts\n'}
[0.946650] (my_package) StdoutLine: {'line': b'Installing my_node script to /var/home/gregorni/Projects/hector-crawler/my_ros2_project/install/my_package/lib/my_package\n'}
[0.946740] (my_package) StdoutLine: {'line': b"writing list of installed files to '/var/home/gregorni/Projects/hector-crawler/my_ros2_project/build/my_package/install.log'\n"}
[0.978504] (my_package) CommandEnded: {'returncode': 0}
[1.001777] (-) TimerEvent: {}
[1.003768] (my_package) JobEnded: {'identifier': 'my_package', 'rc': 0}
[1.004374] (-) EventReactorShutdown: {}
