[0.111s] [34mcolcon[0m [1;30mDEBUG[0m [32mCommand line arguments: ['/var/home/gregorni/Projects/hector-crawler/my_ros2_project/.pixi/envs/default/bin/colcon', 'build', '--symlink-install'][0m
[0.111s] [34mcolcon[0m [1;30mDEBUG[0m [32mParsed command line arguments: Namespace(log_base=None, log_level=None, verb_name='build', build_base='build', install_base='install', merge_install=False, symlink_install=True, test_result_base=None, continue_on_error=False, executor='parallel', parallel_workers=16, event_handlers=None, ignore_user_meta=False, metas=['./colcon.meta'], base_paths=['.'], packages_ignore=None, packages_ignore_regex=None, paths=None, packages_up_to=None, packages_up_to_regex=None, packages_above=None, packages_above_and_dependencies=None, packages_above_depth=None, packages_select_by_dep=None, packages_skip_by_dep=None, packages_skip_up_to=None, packages_select_build_failed=False, packages_skip_build_finished=False, packages_select_test_failures=False, packages_skip_test_passed=False, packages_select=None, packages_skip=None, packages_select_regex=None, packages_skip_regex=None, packages_start=None, packages_end=None, cmake_args=None, cmake_target=None, cmake_target_skip_unavailable=False, cmake_clean_cache=False, cmake_clean_first=False, cmake_force_configure=False, ament_cmake_args=None, catkin_cmake_args=None, catkin_skip_building_tests=False, verb_parser=<colcon_defaults.argument_parser.defaults.DefaultArgumentsDecorator object at 0x7fb6de355410>, verb_extension=<colcon_core.verb.build.BuildVerb object at 0x7fb6dedd4690>, main=<bound method BuildVerb.main of <colcon_core.verb.build.BuildVerb object at 0x7fb6dedd4690>>)[0m
[0.201s] [34mcolcon.colcon_core.package_discovery[0m [1;30mLevel 1[0m discover_packages(colcon_meta) check parameters
[0.201s] [34mcolcon.colcon_core.package_discovery[0m [1;30mLevel 1[0m discover_packages(recursive) check parameters
[0.201s] [34mcolcon.colcon_core.package_discovery[0m [1;30mLevel 1[0m discover_packages(ignore) check parameters
[0.201s] [34mcolcon.colcon_core.package_discovery[0m [1;30mLevel 1[0m discover_packages(path) check parameters
[0.201s] [34mcolcon.colcon_core.package_discovery[0m [1;30mLevel 1[0m discover_packages(colcon_meta) discover
[0.201s] [34mcolcon.colcon_core.package_discovery[0m [1;30mLevel 1[0m discover_packages(recursive) discover
[0.201s] [34mcolcon.colcon_core.package_discovery[0m [1;30mINFO[0m Crawling recursively for packages in '/var/home/gregorni/Projects/hector-crawler/my_ros2_project'
[0.202s] [34mcolcon.colcon_core.package_identification[0m [1;30mLevel 1[0m _identify(.) by extensions ['ignore', 'ignore_ament_install']
[0.202s] [34mcolcon.colcon_core.package_identification[0m [1;30mLevel 1[0m _identify(.) by extension 'ignore'
[0.202s] [34mcolcon.colcon_core.package_identification[0m [1;30mLevel 1[0m _identify(.) by extension 'ignore_ament_install'
[0.202s] [34mcolcon.colcon_core.package_identification[0m [1;30mLevel 1[0m _identify(.) by extensions ['colcon_pkg']
[0.202s] [34mcolcon.colcon_core.package_identification[0m [1;30mLevel 1[0m _identify(.) by extension 'colcon_pkg'
[0.202s] [34mcolcon.colcon_core.package_identification[0m [1;30mLevel 1[0m _identify(.) by extensions ['colcon_meta']
[0.202s] [34mcolcon.colcon_core.package_identification[0m [1;30mLevel 1[0m _identify(.) by extension 'colcon_meta'
[0.202s] [34mcolcon.colcon_core.package_identification[0m [1;30mLevel 1[0m _identify(.) by extensions ['ros']
[0.202s] [34mcolcon.colcon_core.package_identification[0m [1;30mLevel 1[0m _identify(.) by extension 'ros'
[0.219s] [34mcolcon.colcon_core.package_identification[0m [1;30mLevel 1[0m _identify(.) by extensions ['cmake', 'python']
[0.219s] [34mcolcon.colcon_core.package_identification[0m [1;30mLevel 1[0m _identify(.) by extension 'cmake'
[0.219s] [34mcolcon.colcon_core.package_identification[0m [1;30mLevel 1[0m _identify(.) by extension 'python'
[0.219s] [34mcolcon.colcon_core.package_identification[0m [1;30mLevel 1[0m _identify(.) by extensions ['python_setup_py']
[0.219s] [34mcolcon.colcon_core.package_identification[0m [1;30mLevel 1[0m _identify(.) by extension 'python_setup_py'
[0.220s] [34mcolcon.colcon_core.package_identification[0m [1;30mLevel 1[0m _identify(build) by extensions ['ignore', 'ignore_ament_install']
[0.220s] [34mcolcon.colcon_core.package_identification[0m [1;30mLevel 1[0m _identify(build) by extension 'ignore'
[0.220s] [34mcolcon.colcon_core.package_identification[0m [1;30mLevel 1[0m _identify(build) ignored
[0.220s] [34mcolcon.colcon_core.package_identification[0m [1;30mLevel 1[0m _identify(install) by extensions ['ignore', 'ignore_ament_install']
[0.220s] [34mcolcon.colcon_core.package_identification[0m [1;30mLevel 1[0m _identify(install) by extension 'ignore'
[0.220s] [34mcolcon.colcon_core.package_identification[0m [1;30mLevel 1[0m _identify(install) ignored
[0.220s] [34mcolcon.colcon_core.package_identification[0m [1;30mLevel 1[0m _identify(log) by extensions ['ignore', 'ignore_ament_install']
[0.220s] [34mcolcon.colcon_core.package_identification[0m [1;30mLevel 1[0m _identify(log) by extension 'ignore'
[0.220s] [34mcolcon.colcon_core.package_identification[0m [1;30mLevel 1[0m _identify(log) ignored
[0.220s] [34mcolcon.colcon_core.package_identification[0m [1;30mLevel 1[0m _identify(src) by extensions ['ignore', 'ignore_ament_install']
[0.220s] [34mcolcon.colcon_core.package_identification[0m [1;30mLevel 1[0m _identify(src) by extension 'ignore'
[0.220s] [34mcolcon.colcon_core.package_identification[0m [1;30mLevel 1[0m _identify(src) by extension 'ignore_ament_install'
[0.220s] [34mcolcon.colcon_core.package_identification[0m [1;30mLevel 1[0m _identify(src) by extensions ['colcon_pkg']
[0.220s] [34mcolcon.colcon_core.package_identification[0m [1;30mLevel 1[0m _identify(src) by extension 'colcon_pkg'
[0.220s] [34mcolcon.colcon_core.package_identification[0m [1;30mLevel 1[0m _identify(src) by extensions ['colcon_meta']
[0.220s] [34mcolcon.colcon_core.package_identification[0m [1;30mLevel 1[0m _identify(src) by extension 'colcon_meta'
[0.220s] [34mcolcon.colcon_core.package_identification[0m [1;30mLevel 1[0m _identify(src) by extensions ['ros']
[0.220s] [34mcolcon.colcon_core.package_identification[0m [1;30mLevel 1[0m _identify(src) by extension 'ros'
[0.220s] [34mcolcon.colcon_core.package_identification[0m [1;30mLevel 1[0m _identify(src) by extensions ['cmake', 'python']
[0.220s] [34mcolcon.colcon_core.package_identification[0m [1;30mLevel 1[0m _identify(src) by extension 'cmake'
[0.220s] [34mcolcon.colcon_core.package_identification[0m [1;30mLevel 1[0m _identify(src) by extension 'python'
[0.220s] [34mcolcon.colcon_core.package_identification[0m [1;30mLevel 1[0m _identify(src) by extensions ['python_setup_py']
[0.220s] [34mcolcon.colcon_core.package_identification[0m [1;30mLevel 1[0m _identify(src) by extension 'python_setup_py'
[0.221s] [34mcolcon.colcon_core.package_identification[0m [1;30mLevel 1[0m _identify(src/my_package) by extensions ['ignore', 'ignore_ament_install']
[0.221s] [34mcolcon.colcon_core.package_identification[0m [1;30mLevel 1[0m _identify(src/my_package) by extension 'ignore'
[0.221s] [34mcolcon.colcon_core.package_identification[0m [1;30mLevel 1[0m _identify(src/my_package) by extension 'ignore_ament_install'
[0.221s] [34mcolcon.colcon_core.package_identification[0m [1;30mLevel 1[0m _identify(src/my_package) by extensions ['colcon_pkg']
[0.221s] [34mcolcon.colcon_core.package_identification[0m [1;30mLevel 1[0m _identify(src/my_package) by extension 'colcon_pkg'
[0.221s] [34mcolcon.colcon_core.package_identification[0m [1;30mLevel 1[0m _identify(src/my_package) by extensions ['colcon_meta']
[0.221s] [34mcolcon.colcon_core.package_identification[0m [1;30mLevel 1[0m _identify(src/my_package) by extension 'colcon_meta'
[0.221s] [34mcolcon.colcon_core.package_identification[0m [1;30mLevel 1[0m _identify(src/my_package) by extensions ['ros']
[0.221s] [34mcolcon.colcon_core.package_identification[0m [1;30mLevel 1[0m _identify(src/my_package) by extension 'ros'
[0.223s] [34mcolcon.colcon_core.package_identification[0m [1;30mDEBUG[0m [32mPackage 'src/my_package' with type 'ros.ament_python' and name 'my_package'[0m
[0.223s] [34mcolcon.colcon_core.package_discovery[0m [1;30mLevel 1[0m discover_packages(recursive) using defaults
[0.223s] [34mcolcon.colcon_core.package_discovery[0m [1;30mLevel 1[0m discover_packages(ignore) discover
[0.223s] [34mcolcon.colcon_core.package_discovery[0m [1;30mLevel 1[0m discover_packages(ignore) using defaults
[0.223s] [34mcolcon.colcon_core.package_discovery[0m [1;30mLevel 1[0m discover_packages(path) discover
[0.223s] [34mcolcon.colcon_core.package_discovery[0m [1;30mLevel 1[0m discover_packages(path) using defaults
[0.236s] [34mcolcon.colcon_core.verb[0m [1;30mLevel 5[0m set package 'my_package' build argument 'cmake_args' from command line to 'None'
[0.236s] [34mcolcon.colcon_core.verb[0m [1;30mLevel 5[0m set package 'my_package' build argument 'cmake_target' from command line to 'None'
[0.236s] [34mcolcon.colcon_core.verb[0m [1;30mLevel 5[0m set package 'my_package' build argument 'cmake_target_skip_unavailable' from command line to 'False'
[0.236s] [34mcolcon.colcon_core.verb[0m [1;30mLevel 5[0m set package 'my_package' build argument 'cmake_clean_cache' from command line to 'False'
[0.236s] [34mcolcon.colcon_core.verb[0m [1;30mLevel 5[0m set package 'my_package' build argument 'cmake_clean_first' from command line to 'False'
[0.236s] [34mcolcon.colcon_core.verb[0m [1;30mLevel 5[0m set package 'my_package' build argument 'cmake_force_configure' from command line to 'False'
[0.236s] [34mcolcon.colcon_core.verb[0m [1;30mLevel 5[0m set package 'my_package' build argument 'ament_cmake_args' from command line to 'None'
[0.236s] [34mcolcon.colcon_core.verb[0m [1;30mLevel 5[0m set package 'my_package' build argument 'catkin_cmake_args' from command line to 'None'
[0.236s] [34mcolcon.colcon_core.verb[0m [1;30mLevel 5[0m set package 'my_package' build argument 'catkin_skip_building_tests' from command line to 'False'
[0.236s] [34mcolcon.colcon_core.verb[0m [1;30mDEBUG[0m [32mBuilding package 'my_package' with the following arguments: {'ament_cmake_args': None, 'build_base': '/var/home/gregorni/Projects/hector-crawler/my_ros2_project/build/my_package', 'catkin_cmake_args': None, 'catkin_skip_building_tests': False, 'cmake_args': None, 'cmake_clean_cache': False, 'cmake_clean_first': False, 'cmake_force_configure': False, 'cmake_target': None, 'cmake_target_skip_unavailable': False, 'install_base': '/var/home/gregorni/Projects/hector-crawler/my_ros2_project/install/my_package', 'merge_install': False, 'path': '/var/home/gregorni/Projects/hector-crawler/my_ros2_project/src/my_package', 'symlink_install': True, 'test_result_base': None}[0m
[0.236s] [34mcolcon.colcon_core.executor[0m [1;30mINFO[0m Executing jobs using 'parallel' executor
[0.237s] [34mcolcon.colcon_parallel_executor.executor.parallel[0m [1;30mDEBUG[0m [32mrun_until_complete[0m
[0.237s] [34mcolcon.colcon_ros.task.ament_python.build[0m [1;30mINFO[0m Building ROS package in '/var/home/gregorni/Projects/hector-crawler/my_ros2_project/src/my_package' with build type 'ament_python'
[0.237s] [34mcolcon.colcon_core.shell[0m [1;30mLevel 1[0m create_environment_hook('my_package', 'ament_prefix_path')
[0.239s] [34mcolcon.colcon_core.plugin_system[0m [1;30mINFO[0m Skipping extension 'colcon_core.shell.bat': Not used on non-Windows systems
[0.239s] [34mcolcon.colcon_core.shell[0m [1;30mINFO[0m Creating environment hook '/var/home/gregorni/Projects/hector-crawler/my_ros2_project/install/my_package/share/my_package/hook/ament_prefix_path.ps1'
[0.239s] [34mcolcon.colcon_core.shell[0m [1;30mINFO[0m Creating environment descriptor '/var/home/gregorni/Projects/hector-crawler/my_ros2_project/install/my_package/share/my_package/hook/ament_prefix_path.dsv'
[0.240s] [34mcolcon.colcon_core.shell[0m [1;30mINFO[0m Creating environment hook '/var/home/gregorni/Projects/hector-crawler/my_ros2_project/install/my_package/share/my_package/hook/ament_prefix_path.sh'
[0.240s] [34mcolcon.colcon_core.shell[0m [1;30mINFO[0m Skip shell extension 'powershell' for command environment: Not usable outside of PowerShell
[0.240s] [34mcolcon.colcon_core.shell[0m [1;30mDEBUG[0m [32mSkip shell extension 'dsv' for command environment[0m
[0.428s] [34mcolcon.colcon_core.task.python.build[0m [1;30mINFO[0m Building Python package in '/var/home/gregorni/Projects/hector-crawler/my_ros2_project/src/my_package'
[0.428s] [34mcolcon.colcon_core.shell[0m [1;30mINFO[0m Skip shell extension 'powershell' for command environment: Not usable outside of PowerShell
[0.428s] [34mcolcon.colcon_core.shell[0m [1;30mDEBUG[0m [32mSkip shell extension 'dsv' for command environment[0m
[0.692s] [34mcolcon.colcon_core.task.python.build[0m [1;30mDEBUG[0m [32mWhile undoing a previous installation files outside the Python library path are being ignored: /var/home/gregorni/Projects/hector-crawler/my_ros2_project/install/my_package/share/ament_index/resource_index/packages/my_package[0m
[0.692s] [34mcolcon.colcon_core.task.python.build[0m [1;30mDEBUG[0m [32mWhile undoing a previous installation files outside the Python library path are being ignored: /var/home/gregorni/Projects/hector-crawler/my_ros2_project/install/my_package/share/my_package/package.xml[0m
[0.693s] [34mcolcon.colcon_core.task.python.build[0m [1;30mDEBUG[0m [32mWhile undoing a previous installation files outside the Python library path are being ignored: /var/home/gregorni/Projects/hector-crawler/my_ros2_project/install/my_package/lib/my_package/my_node[0m
[0.697s] [34mcolcon.colcon_core.event_handler.log_command[0m [1;30mDEBUG[0m [32mInvoking command in '/var/home/gregorni/Projects/hector-crawler/my_ros2_project/build/my_package': PIXI_PROMPT=(my_ros2_project) PYTHONPATH=/var/home/gregorni/Projects/hector-crawler/my_ros2_project/build/my_package/prefix_override:/var/home/gregorni/Projects/hector-crawler/my_ros2_project/.pixi/envs/default/lib/python3.11/site-packages/colcon_core/task/python/colcon_distutils_commands:/var/home/gregorni/Projects/hector-crawler/my_ros2_project/install/my_package/lib/python3.11/site-packages:${PYTHONPATH} _=/usr/bin/env /var/home/gregorni/Projects/hector-crawler/my_ros2_project/.pixi/envs/default/bin/python3.11 -W ignore:setup.py install is deprecated setup.py develop --editable --build-directory /var/home/gregorni/Projects/hector-crawler/my_ros2_project/build/my_package/build --no-deps symlink_data --force[0m
[1.089s] [34mcolcon.colcon_core.shell[0m [1;30mLevel 1[0m create_environment_hook('my_package', 'pythonpath_develop')
[1.090s] [34mcolcon.colcon_core.shell[0m [1;30mINFO[0m Creating environment hook '/var/home/gregorni/Projects/hector-crawler/my_ros2_project/build/my_package/share/my_package/hook/pythonpath_develop.ps1'
[1.090s] [34mcolcon.colcon_core.event_handler.log_command[0m [1;30mDEBUG[0m [32mInvoked command in '/var/home/gregorni/Projects/hector-crawler/my_ros2_project/build/my_package' returned '0': PIXI_PROMPT=(my_ros2_project) PYTHONPATH=/var/home/gregorni/Projects/hector-crawler/my_ros2_project/build/my_package/prefix_override:/var/home/gregorni/Projects/hector-crawler/my_ros2_project/.pixi/envs/default/lib/python3.11/site-packages/colcon_core/task/python/colcon_distutils_commands:/var/home/gregorni/Projects/hector-crawler/my_ros2_project/install/my_package/lib/python3.11/site-packages:${PYTHONPATH} _=/usr/bin/env /var/home/gregorni/Projects/hector-crawler/my_ros2_project/.pixi/envs/default/bin/python3.11 -W ignore:setup.py install is deprecated setup.py develop --editable --build-directory /var/home/gregorni/Projects/hector-crawler/my_ros2_project/build/my_package/build --no-deps symlink_data --force[0m
[1.091s] [34mcolcon.colcon_core.shell[0m [1;30mINFO[0m Creating environment descriptor '/var/home/gregorni/Projects/hector-crawler/my_ros2_project/build/my_package/share/my_package/hook/pythonpath_develop.dsv'
[1.092s] [34mcolcon.colcon_core.shell[0m [1;30mINFO[0m Creating environment hook '/var/home/gregorni/Projects/hector-crawler/my_ros2_project/build/my_package/share/my_package/hook/pythonpath_develop.sh'
[1.097s] [34mcolcon.colcon_core.environment[0m [1;30mLevel 1[0m checking '/var/home/gregorni/Projects/hector-crawler/my_ros2_project/install/my_package' for CMake module files
[1.098s] [34mcolcon.colcon_core.environment[0m [1;30mLevel 1[0m checking '/var/home/gregorni/Projects/hector-crawler/my_ros2_project/install/my_package' for CMake config files
[1.099s] [34mcolcon.colcon_core.environment[0m [1;30mLevel 1[0m checking '/var/home/gregorni/Projects/hector-crawler/my_ros2_project/install/my_package/lib'
[1.099s] [34mcolcon.colcon_core.environment[0m [1;30mLevel 1[0m checking '/var/home/gregorni/Projects/hector-crawler/my_ros2_project/install/my_package/bin'
[1.099s] [34mcolcon.colcon_core.environment[0m [1;30mLevel 1[0m checking '/var/home/gregorni/Projects/hector-crawler/my_ros2_project/install/my_package/lib/pkgconfig/my_package.pc'
[1.100s] [34mcolcon.colcon_core.environment[0m [1;30mLevel 1[0m checking '/var/home/gregorni/Projects/hector-crawler/my_ros2_project/install/my_package/lib/python3.11/site-packages'
[1.100s] [34mcolcon.colcon_core.shell[0m [1;30mLevel 1[0m create_environment_hook('my_package', 'pythonpath')
[1.100s] [34mcolcon.colcon_core.shell[0m [1;30mINFO[0m Creating environment hook '/var/home/gregorni/Projects/hector-crawler/my_ros2_project/install/my_package/share/my_package/hook/pythonpath.ps1'
[1.101s] [34mcolcon.colcon_core.shell[0m [1;30mINFO[0m Creating environment descriptor '/var/home/gregorni/Projects/hector-crawler/my_ros2_project/install/my_package/share/my_package/hook/pythonpath.dsv'
[1.102s] [34mcolcon.colcon_core.shell[0m [1;30mINFO[0m Creating environment hook '/var/home/gregorni/Projects/hector-crawler/my_ros2_project/install/my_package/share/my_package/hook/pythonpath.sh'
[1.103s] [34mcolcon.colcon_core.environment[0m [1;30mLevel 1[0m checking '/var/home/gregorni/Projects/hector-crawler/my_ros2_project/install/my_package/bin'
[1.103s] [34mcolcon.colcon_core.environment[0m [1;30mLevel 1[0m create_environment_scripts_only(my_package)
[1.104s] [34mcolcon.colcon_core.shell[0m [1;30mINFO[0m Creating package script '/var/home/gregorni/Projects/hector-crawler/my_ros2_project/install/my_package/share/my_package/package.ps1'
[1.105s] [34mcolcon.colcon_core.shell[0m [1;30mINFO[0m Creating package descriptor '/var/home/gregorni/Projects/hector-crawler/my_ros2_project/install/my_package/share/my_package/package.dsv'
[1.106s] [34mcolcon.colcon_core.shell[0m [1;30mINFO[0m Creating package script '/var/home/gregorni/Projects/hector-crawler/my_ros2_project/install/my_package/share/my_package/package.sh'
[1.107s] [34mcolcon.colcon_core.shell[0m [1;30mINFO[0m Creating package script '/var/home/gregorni/Projects/hector-crawler/my_ros2_project/install/my_package/share/my_package/package.bash'
[1.108s] [34mcolcon.colcon_core.shell[0m [1;30mINFO[0m Creating package script '/var/home/gregorni/Projects/hector-crawler/my_ros2_project/install/my_package/share/my_package/package.zsh'
[1.109s] [34mcolcon.colcon_core.environment[0m [1;30mLevel 1[0m create_file_with_runtime_dependencies(/var/home/gregorni/Projects/hector-crawler/my_ros2_project/install/my_package/share/colcon-core/packages/my_package)
[1.110s] [34mcolcon.colcon_parallel_executor.executor.parallel[0m [1;30mDEBUG[0m [32mclosing loop[0m
[1.111s] [34mcolcon.colcon_parallel_executor.executor.parallel[0m [1;30mDEBUG[0m [32mloop closed[0m
[1.111s] [34mcolcon.colcon_parallel_executor.executor.parallel[0m [1;30mDEBUG[0m [32mrun_until_complete finished with '0'[0m
[1.111s] [34mcolcon.colcon_core.event_reactor[0m [1;30mDEBUG[0m [32mjoining thread[0m
[1.112s] [34mcolcon.colcon_core.event_reactor[0m [1;30mDEBUG[0m [32mjoined thread[0m
[1.112s] [34mcolcon.colcon_core.shell[0m [1;30mINFO[0m Creating prefix script '/var/home/gregorni/Projects/hector-crawler/my_ros2_project/install/local_setup.ps1'
[1.113s] [34mcolcon.colcon_core.shell[0m [1;30mINFO[0m Creating prefix util module '/var/home/gregorni/Projects/hector-crawler/my_ros2_project/install/_local_setup_util_ps1.py'
[1.114s] [34mcolcon.colcon_core.shell[0m [1;30mINFO[0m Creating prefix chain script '/var/home/gregorni/Projects/hector-crawler/my_ros2_project/install/setup.ps1'
[1.115s] [34mcolcon.colcon_core.shell[0m [1;30mINFO[0m Creating prefix script '/var/home/gregorni/Projects/hector-crawler/my_ros2_project/install/local_setup.sh'
[1.116s] [34mcolcon.colcon_core.shell[0m [1;30mINFO[0m Creating prefix util module '/var/home/gregorni/Projects/hector-crawler/my_ros2_project/install/_local_setup_util_sh.py'
[1.118s] [34mcolcon.colcon_core.shell[0m [1;30mINFO[0m Creating prefix chain script '/var/home/gregorni/Projects/hector-crawler/my_ros2_project/install/setup.sh'
[1.120s] [34mcolcon.colcon_core.shell[0m [1;30mINFO[0m Creating prefix script '/var/home/gregorni/Projects/hector-crawler/my_ros2_project/install/local_setup.bash'
[1.121s] [34mcolcon.colcon_core.shell[0m [1;30mINFO[0m Creating prefix chain script '/var/home/gregorni/Projects/hector-crawler/my_ros2_project/install/setup.bash'
[1.122s] [34mcolcon.colcon_core.shell[0m [1;30mINFO[0m Creating prefix script '/var/home/gregorni/Projects/hector-crawler/my_ros2_project/install/local_setup.zsh'
[1.123s] [34mcolcon.colcon_core.shell[0m [1;30mINFO[0m Creating prefix chain script '/var/home/gregorni/Projects/hector-crawler/my_ros2_project/install/setup.zsh'
